<?xml version="1.0" encoding="UTF-8"?>
<!-- Generated by org.testng.reporters.JUnitReportReporter -->
<testsuite hostname="d-cmanning-mbp.local" name="com.appium.ex.unittests.genericTest001" tests="1" failures="0" timestamp="12 Nov 2015 13:33:00 GMT" time="0.009" errors="0">
  <testcase name="appiumtest001" time="0.009" classname="com.appium.ex.unittests.genericTest001"/>
</testsuite> <!-- com.appium.ex.unittests.genericTest001 -->
